<?xml version="1.0" encoding="UTF-8"?>
<!-- Generated by org.testng.reporters.JUnitXMLReporter -->
<testsuite ignored="0" hostname="DESKTOP-NTEQKAQ" failures="0" tests="7" name="Default test" time="83.404" errors="0" timestamp="2024-09-19T12:45:37 IST">
  <testcase classname="Finalproject.GURU99DEMOSITE" name="openGuru99" time="7.682"/>
  <testcase classname="Finalproject.GURU99DEMOSITE" name="Guru99" time="14.898"/>
  <testcase classname="Finalproject.GURU99DEMOSITE" name="Reset" time="11.694"/>
  <testcase classname="Finalproject.GURU99DEMOSITE" name="Addtariffplan" time="16.171"/>
  <testcase classname="Finalproject.GURU99DEMOSITE" name="Resettariffplan" time="16.077"/>
  <testcase classname="Finalproject.GURU99DEMOSITE" name="Addtariffplantocustomer" time="8.779"/>
  <testcase classname="Finalproject.GURU99DEMOSITE" name="Paybilling" time="7.994"/>
</testsuite> <!-- Default test -->
