<?xml version="1.0" encoding="UTF-8"?>
<testng-results ignored="0" total="7" passed="7" failed="0" skipped="0">
  <reporter-output>
  </reporter-output>
  <suite started-at="2024-09-19T12:44:14 IST" name="Default suite" finished-at="2024-09-19T12:45:37 IST" duration-ms="83404">
    <groups>
    </groups>
    <test started-at="2024-09-19T12:44:14 IST" name="Default test" finished-at="2024-09-19T12:45:37 IST" duration-ms="83404">
      <class name="Finalproject.GURU99DEMOSITE">
        <test-method is-config="true" signature="launchbrowser()[pri:0, instance:Finalproject.GURU99DEMOSITE@4686afc2]" started-at="2024-09-19T12:44:11 IST" name="launchbrowser" finished-at="2024-09-19T12:44:14 IST" duration-ms="3291" status="PASS">
          <reporter-output>
          </reporter-output>
        </test-method> <!-- launchbrowser -->
        <test-method signature="openGuru99()[pri:0, instance:Finalproject.GURU99DEMOSITE@4686afc2]" started-at="2024-09-19T12:44:14 IST" name="openGuru99" finished-at="2024-09-19T12:44:22 IST" duration-ms="7682" status="PASS">
          <reporter-output>
          </reporter-output>
        </test-method> <!-- openGuru99 -->
        <test-method signature="Guru99()[pri:1, instance:Finalproject.GURU99DEMOSITE@4686afc2]" started-at="2024-09-19T12:44:22 IST" name="Guru99" finished-at="2024-09-19T12:44:37 IST" duration-ms="14898" status="PASS">
          <reporter-output>
          </reporter-output>
        </test-method> <!-- Guru99 -->
        <test-method signature="Reset()[pri:2, instance:Finalproject.GURU99DEMOSITE@4686afc2]" started-at="2024-09-19T12:44:37 IST" name="Reset" finished-at="2024-09-19T12:44:48 IST" duration-ms="11694" status="PASS">
          <reporter-output>
          </reporter-output>
        </test-method> <!-- Reset -->
        <test-method signature="Addtariffplan()[pri:3, instance:Finalproject.GURU99DEMOSITE@4686afc2]" started-at="2024-09-19T12:44:48 IST" name="Addtariffplan" finished-at="2024-09-19T12:45:05 IST" duration-ms="16171" status="PASS">
          <reporter-output>
          </reporter-output>
        </test-method> <!-- Addtariffplan -->
        <test-method signature="Resettariffplan()[pri:4, instance:Finalproject.GURU99DEMOSITE@4686afc2]" started-at="2024-09-19T12:45:05 IST" name="Resettariffplan" finished-at="2024-09-19T12:45:21 IST" duration-ms="16077" status="PASS">
          <reporter-output>
          </reporter-output>
        </test-method> <!-- Resettariffplan -->
        <test-method signature="Addtariffplantocustomer()[pri:5, instance:Finalproject.GURU99DEMOSITE@4686afc2]" started-at="2024-09-19T12:45:21 IST" name="Addtariffplantocustomer" finished-at="2024-09-19T12:45:29 IST" duration-ms="8779" status="PASS">
          <reporter-output>
          </reporter-output>
        </test-method> <!-- Addtariffplantocustomer -->
        <test-method signature="Paybilling()[pri:6, instance:Finalproject.GURU99DEMOSITE@4686afc2]" started-at="2024-09-19T12:45:29 IST" name="Paybilling" finished-at="2024-09-19T12:45:37 IST" duration-ms="7994" status="PASS">
          <reporter-output>
          </reporter-output>
        </test-method> <!-- Paybilling -->
      </class> <!-- Finalproject.GURU99DEMOSITE -->
    </test> <!-- Default test -->
  </suite> <!-- Default suite -->
</testng-results>
